2025-09-30 17:49:22,919 INFO OpenAlex meta.count=500387 for query '"systematic review"|"systematic literature review"'
2025-09-30 17:52:07,766 INFO Saved shard 000 with 10000 works to ../../data/raw/oax_sr_full.part000.json
2025-09-30 17:54:29,875 INFO Saved shard 001 with 10000 works to ../../data/raw/oax_sr_full.part001.json
2025-09-30 17:56:53,114 INFO Saved shard 002 with 10000 works to ../../data/raw/oax_sr_full.part002.json
2025-09-30 17:59:14,723 INFO Saved shard 003 with 10000 works to ../../data/raw/oax_sr_full.part003.json
2025-09-30 18:01:44,997 INFO Saved shard 004 with 10000 works to ../../data/raw/oax_sr_full.part004.json
2025-09-30 18:04:13,780 INFO Saved shard 005 with 10000 works to ../../data/raw/oax_sr_full.part005.json
2025-09-30 18:06:46,150 INFO Saved shard 006 with 10000 works to ../../data/raw/oax_sr_full.part006.json
2025-09-30 18:09:17,534 INFO Saved shard 007 with 10000 works to ../../data/raw/oax_sr_full.part007.json
2025-09-30 18:11:45,614 INFO Saved shard 008 with 10000 works to ../../data/raw/oax_sr_full.part008.json
2025-09-30 18:14:08,474 INFO Saved shard 009 with 10000 works to ../../data/raw/oax_sr_full.part009.json
2025-09-30 18:16:37,667 INFO Saved shard 010 with 10000 works to ../../data/raw/oax_sr_full.part010.json
2025-09-30 18:18:57,431 INFO Saved shard 011 with 10000 works to ../../data/raw/oax_sr_full.part011.json
2025-09-30 18:21:28,783 INFO Saved shard 012 with 10000 works to ../../data/raw/oax_sr_full.part012.json
2025-09-30 18:23:52,787 INFO Saved shard 013 with 10000 works to ../../data/raw/oax_sr_full.part013.json
2025-09-30 18:26:15,896 INFO Saved shard 014 with 10000 works to ../../data/raw/oax_sr_full.part014.json
2025-09-30 18:28:32,183 INFO Saved shard 015 with 10000 works to ../../data/raw/oax_sr_full.part015.json
2025-09-30 18:30:52,516 INFO Saved shard 016 with 10000 works to ../../data/raw/oax_sr_full.part016.json
2025-09-30 18:33:12,156 INFO Saved shard 017 with 10000 works to ../../data/raw/oax_sr_full.part017.json
2025-09-30 18:35:34,026 INFO Saved shard 018 with 10000 works to ../../data/raw/oax_sr_full.part018.json
2025-09-30 18:37:55,096 INFO Saved shard 019 with 10000 works to ../../data/raw/oax_sr_full.part019.json
2025-09-30 18:40:18,186 INFO Saved shard 020 with 10000 works to ../../data/raw/oax_sr_full.part020.json
2025-09-30 18:42:41,586 INFO Saved shard 021 with 10000 works to ../../data/raw/oax_sr_full.part021.json
2025-09-30 18:45:00,726 INFO Saved shard 022 with 10000 works to ../../data/raw/oax_sr_full.part022.json
2025-09-30 18:47:15,166 INFO Saved shard 023 with 10000 works to ../../data/raw/oax_sr_full.part023.json
2025-09-30 18:49:24,674 INFO Saved shard 024 with 10000 works to ../../data/raw/oax_sr_full.part024.json
2025-09-30 18:51:35,629 INFO Saved shard 025 with 10000 works to ../../data/raw/oax_sr_full.part025.json
2025-09-30 18:53:52,908 INFO Saved shard 026 with 10000 works to ../../data/raw/oax_sr_full.part026.json
2025-09-30 18:56:03,983 INFO Saved shard 027 with 10000 works to ../../data/raw/oax_sr_full.part027.json
2025-09-30 18:58:12,621 INFO Saved shard 028 with 10000 works to ../../data/raw/oax_sr_full.part028.json
2025-09-30 19:00:24,260 INFO Saved shard 029 with 10000 works to ../../data/raw/oax_sr_full.part029.json
2025-09-30 19:02:49,046 INFO Saved shard 030 with 10000 works to ../../data/raw/oax_sr_full.part030.json
2025-09-30 19:05:20,424 INFO Saved shard 031 with 10000 works to ../../data/raw/oax_sr_full.part031.json
2025-09-30 19:07:47,385 INFO Saved shard 032 with 10000 works to ../../data/raw/oax_sr_full.part032.json
2025-09-30 19:10:11,411 INFO Saved shard 033 with 10000 works to ../../data/raw/oax_sr_full.part033.json
2025-09-30 19:12:16,024 INFO Saved shard 034 with 10000 works to ../../data/raw/oax_sr_full.part034.json
2025-09-30 19:14:19,538 INFO Saved shard 035 with 10000 works to ../../data/raw/oax_sr_full.part035.json
2025-09-30 19:16:21,978 INFO Saved shard 036 with 10000 works to ../../data/raw/oax_sr_full.part036.json
2025-09-30 19:18:25,580 INFO Saved shard 037 with 10000 works to ../../data/raw/oax_sr_full.part037.json
2025-09-30 19:20:39,366 INFO Saved shard 038 with 10000 works to ../../data/raw/oax_sr_full.part038.json
2025-09-30 19:22:47,754 INFO Saved shard 039 with 10000 works to ../../data/raw/oax_sr_full.part039.json
2025-09-30 19:24:53,351 INFO Saved shard 040 with 10000 works to ../../data/raw/oax_sr_full.part040.json
2025-09-30 19:27:00,051 INFO Saved shard 041 with 10000 works to ../../data/raw/oax_sr_full.part041.json
2025-09-30 19:29:02,783 INFO Saved shard 042 with 10000 works to ../../data/raw/oax_sr_full.part042.json
2025-09-30 19:31:07,102 INFO Saved shard 043 with 10000 works to ../../data/raw/oax_sr_full.part043.json
2025-09-30 19:33:21,388 INFO Saved shard 044 with 10000 works to ../../data/raw/oax_sr_full.part044.json
2025-09-30 19:35:38,252 INFO Saved shard 045 with 10000 works to ../../data/raw/oax_sr_full.part045.json
2025-09-30 19:38:07,399 INFO Saved shard 046 with 10000 works to ../../data/raw/oax_sr_full.part046.json
2025-09-30 19:40:32,540 INFO Saved shard 047 with 10000 works to ../../data/raw/oax_sr_full.part047.json
2025-09-30 19:41:51,447 INFO Saved shard 048 with 5446 works to ../../data/raw/oax_sr_full.part048.json
2025-09-30 19:41:51,594 INFO Run summary: meta.count=500387 pulled=485446 shards=49
2025-09-30 19:51:50,904 INFO Deduplicated 485446 merged works down to 465103 unique works (removed 20343)
2025-09-30 19:51:50,907 INFO Saved merged JSON list to: ../../data/raw/oax_sr_full.json
